<?xml version="1.0" encoding="UTF-8"?>
<!-- Generated by org.testng.reporters.JUnitXMLReporter -->
<testsuite ignored="0" hostname="LAPTOP-K6V6A7SC" failures="0" tests="5" name="Default test" time="5.002" errors="0" timestamp="2022-02-27T19:24:25 SGT">
  <testcase classname="SeleniumTest" name="checkCreateTitle" time="1.639"/>
  <testcase classname="SeleniumTest" name="checkDashboardTitle" time="0.059"/>
  <testcase classname="SeleniumTest" name="checkEditTitle" time="0.371"/>
  <testcase classname="SeleniumTest" name="checkUrl" time="0.089"/>
  <testcase classname="SeleniumTest" name="f" time="0.001"/>
</testsuite> <!-- Default test -->
