<?xml version="1.0" encoding="UTF-8"?>
<testng-results ignored="0" total="5" passed="5" failed="0" skipped="0">
  <reporter-output>
  </reporter-output>
  <suite started-at="2022-02-27T19:24:20 SGT" name="Default suite" finished-at="2022-02-27T19:24:25 SGT" duration-ms="5002">
    <groups>
    </groups>
    <test started-at="2022-02-27T19:24:20 SGT" name="Default test" finished-at="2022-02-27T19:24:25 SGT" duration-ms="5002">
      <class name="SeleniumTest">
        <test-method is-config="true" signature="beforeTest()[pri:0, instance:SeleniumTest@3c9d0b9d]" started-at="2022-02-27T19:24:20 SGT" name="beforeTest" finished-at="2022-02-27T19:24:22 SGT" duration-ms="2415" status="PASS">
          <reporter-output>
          </reporter-output>
        </test-method> <!-- beforeTest -->
        <test-method signature="checkCreateTitle()[pri:0, instance:SeleniumTest@3c9d0b9d]" started-at="2022-02-27T19:24:22 SGT" name="checkCreateTitle" finished-at="2022-02-27T19:24:24 SGT" duration-ms="1639" status="PASS">
          <reporter-output>
          </reporter-output>
        </test-method> <!-- checkCreateTitle -->
        <test-method signature="checkDashboardTitle()[pri:0, instance:SeleniumTest@3c9d0b9d]" started-at="2022-02-27T19:24:24 SGT" name="checkDashboardTitle" finished-at="2022-02-27T19:24:24 SGT" duration-ms="59" status="PASS">
          <reporter-output>
          </reporter-output>
        </test-method> <!-- checkDashboardTitle -->
        <test-method signature="checkEditTitle()[pri:0, instance:SeleniumTest@3c9d0b9d]" started-at="2022-02-27T19:24:24 SGT" name="checkEditTitle" finished-at="2022-02-27T19:24:24 SGT" duration-ms="371" status="PASS">
          <reporter-output>
          </reporter-output>
        </test-method> <!-- checkEditTitle -->
        <test-method signature="checkUrl()[pri:0, instance:SeleniumTest@3c9d0b9d]" started-at="2022-02-27T19:24:24 SGT" name="checkUrl" finished-at="2022-02-27T19:24:24 SGT" duration-ms="89" status="PASS">
          <reporter-output>
          </reporter-output>
        </test-method> <!-- checkUrl -->
        <test-method signature="f()[pri:0, instance:SeleniumTest@3c9d0b9d]" started-at="2022-02-27T19:24:24 SGT" name="f" finished-at="2022-02-27T19:24:24 SGT" duration-ms="1" status="PASS">
          <reporter-output>
          </reporter-output>
        </test-method> <!-- f -->
        <test-method is-config="true" signature="afterTest()[pri:0, instance:SeleniumTest@3c9d0b9d]" started-at="2022-02-27T19:24:24 SGT" name="afterTest" finished-at="2022-02-27T19:24:25 SGT" duration-ms="362" status="PASS">
          <reporter-output>
          </reporter-output>
        </test-method> <!-- afterTest -->
      </class> <!-- SeleniumTest -->
    </test> <!-- Default test -->
  </suite> <!-- Default suite -->
</testng-results>
